<?xml version="1.0" encoding="UTF-8"?>
<!-- Generated by org.testng.reporters.JUnitReportReporter -->
<testsuite skipped="0" hostname="admin" name="com.qa.test.GetAPITest" tests="2" failures="0" timestamp="16 Dec 2018 15:55:31 GMT" time="2.559" errors="0">
  <testcase name="getAPITestWithoutHeaders" time="1.947" classname="com.qa.test.GetAPITest"/>
  <testcase name="getAPITestWithHeaders" time="0.612" classname="com.qa.test.GetAPITest"/>
</testsuite> <!-- com.qa.test.GetAPITest -->
