<?xml version="1.0" encoding="UTF-8"?>
<!-- Generated by org.testng.reporters.JUnitReportReporter -->
<testsuite skipped="0" hostname="admin" name="com.qa.test.PostAPITest" tests="1" failures="0" timestamp="17 Dec 2018 18:33:01 GMT" time="3.725" errors="0">
  <testcase name="postAPITest" time="3.725" classname="com.qa.test.PostAPITest"/>
</testsuite> <!-- com.qa.test.PostAPITest -->
